<?xml version="1.0" encoding="utf-8" standalone="no"?>
<!--This file represents the results of running a test suite-->
<test-results name="C:\_Projects\code.google.com\funnelweb\src\FunnelWeb.Tests\FunnelWeb.Tests.nunit" total="3" errors="0" failures="0" not-run="0" inconclusive="0" ignored="0" skipped="0" invalid="0" date="2010-08-26" time="19:57:27">
  <environment nunit-version="2.5.5.10112" clr-version="2.0.50727.4927" os-version="Microsoft Windows NT 6.1.7600.0" platform="Win32NT" cwd="C:\Program Files (x86)\NUnit 2.5.5\bin\net-2.0" machine-name="AZ-VAIO" user="AaronPowell" user-domain="thefarmcreative" />
  <culture-info current-culture="en-AU" current-uiculture="en-US" />
  <test-suite type="Project" name="C:\_Projects\code.google.com\funnelweb\src\FunnelWeb.Tests\FunnelWeb.Tests.nunit" executed="True" result="Success" success="True" time="1.023" asserts="0">
    <results>
      <test-suite type="Assembly" name="C:\_Projects\code.google.com\funnelweb\src\FunnelWeb.Tests\bin\Debug\FunnelWeb.Tests.dll" executed="True" result="Success" success="True" time="1.007" asserts="0">
        <results>
          <test-suite type="Namespace" name="FunnelWeb" executed="True" result="Success" success="True" time="1.005" asserts="0">
            <results>
              <test-suite type="Namespace" name="Tests" executed="True" result="Success" success="True" time="1.002" asserts="0">
                <results>
                  <test-suite type="Namespace" name="Web" executed="True" result="Success" success="True" time="0.997" asserts="0">
                    <results>
                      <test-suite type="Namespace" name="Controllers" executed="True" result="Success" success="True" time="0.994" asserts="0">
                        <results>
                          <test-suite type="TestFixture" name="WikiControllerTests" executed="True" result="Success" success="True" time="0.991" asserts="0">
                            <results>
                              <test-case name="FunnelWeb.Tests.Web.Controllers.WikiControllerTests.WikiControllerTests_NotFound_Returns_Matched_Page_If_Found" executed="True" result="Success" success="True" time="0.906" asserts="1" />
                              <test-case name="FunnelWeb.Tests.Web.Controllers.WikiControllerTests.WikiControllerTests_NotFound_Returns_Matched_Website_If_Found" executed="True" result="Success" success="True" time="0.005" asserts="1" />
                              <test-case name="FunnelWeb.Tests.Web.Controllers.WikiControllerTests.WikiControllerTests_Search_Returns_NotFound_View" executed="True" result="Success" success="True" time="0.036" asserts="3" />
                            </results>
                          </test-suite>
                        </results>
                      </test-suite>
                    </results>
                  </test-suite>
                </results>
              </test-suite>
            </results>
          </test-suite>
        </results>
      </test-suite>
    </results>
  </test-suite>
</test-results>