<?xml version="1.0" encoding="utf-8" standalone="no"?>
<!--This file represents the results of running a test suite-->
<test-results name="C:\_Projects\code.google.com\funnelweb\src\FunnelWeb.Tests\FunnelWeb.Tests.nunit" total="50" errors="3" failures="0" not-run="0" inconclusive="0" ignored="0" skipped="0" invalid="0" date="2010-08-30" time="19:25:55">
  <environment nunit-version="2.5.5.10112" clr-version="2.0.50727.4927" os-version="Microsoft Windows NT 6.1.7600.0" platform="Win32NT" cwd="C:\Program Files (x86)\NUnit 2.5.5\bin\net-2.0" machine-name="AZ-VAIO" user="AaronPowell" user-domain="thefarmcreative" />
  <culture-info current-culture="en-AU" current-uiculture="en-US" />
  <test-suite type="Project" name="C:\_Projects\code.google.com\funnelweb\src\FunnelWeb.Tests\FunnelWeb.Tests.nunit" executed="True" result="Failure" success="False" time="2.610" asserts="0">
    <results>
      <test-suite type="Assembly" name="C:\_Projects\code.google.com\funnelweb\src\FunnelWeb.Tests\bin\Debug\FunnelWeb.Tests.dll" executed="True" result="Failure" success="False" time="2.590" asserts="0">
        <results>
          <test-suite type="Namespace" name="FunnelWeb" executed="True" result="Failure" success="False" time="2.570" asserts="0">
            <results>
              <test-suite type="Namespace" name="Tests" executed="True" result="Failure" success="False" time="2.560" asserts="0">
                <results>
                  <test-suite type="Namespace" name="Web" executed="True" result="Failure" success="False" time="2.560" asserts="0">
                    <results>
                      <test-suite type="Namespace" name="Application" executed="True" result="Failure" success="False" time="1.480" asserts="0">
                        <results>
                          <test-suite type="Namespace" name="ActionResults" executed="True" result="Success" success="True" time="0.100" asserts="0">
                            <results>
                              <test-suite type="TestFixture" name="XmlActionResultTests" executed="True" result="Success" success="True" time="0.090" asserts="0">
                                <results>
                                  <test-case name="FunnelWeb.Tests.Web.Application.ActionResults.XmlActionResultTests.XmlActionResultTests_Cant_Pass_Null" executed="True" result="Success" success="True" time="0.060" asserts="1" />
                                  <test-case name="FunnelWeb.Tests.Web.Application.ActionResults.XmlActionResultTests.XmlActionResultTests_Default_Encoding_UTF8" executed="True" result="Success" success="True" time="0.000" asserts="1" />
                                  <test-case name="FunnelWeb.Tests.Web.Application.ActionResults.XmlActionResultTests.XmlActionResultTests_Result_Content_Type_Is_Xml" executed="True" result="Success" success="True" time="0.000" asserts="1" />
                                </results>
                              </test-suite>
                            </results>
                          </test-suite>
                          <test-suite type="Namespace" name="Binders" executed="True" result="Failure" success="False" time="0.590" asserts="0">
                            <results>
                              <test-suite type="TestFixture" name="ArrayBinderTests+Form_values_split_by_commas_will_be_arrayed" executed="True" result="Success" success="True" time="0.470" asserts="0">
                                <results>
                                  <test-case name="FunnelWeb.Tests.Web.Application.Binders.ArrayBinderTests+Form_values_split_by_commas_will_be_arrayed.ShouldRecogniseAllPostcodes" executed="True" result="Success" success="True" time="0.470" asserts="4" />
                                </results>
                              </test-suite>
                              <test-suite type="TestFixture" name="DictionaryBinderTests+Settings_posted_via_form_must_be_turned_into_dictionaries_by_prefix" executed="True" result="Failure" success="False" time="0.030" asserts="0">
                                <results>
                                  <test-case name="FunnelWeb.Tests.Web.Application.Binders.DictionaryBinderTests+Settings_posted_via_form_must_be_turned_into_dictionaries_by_prefix.ShouldRecogniseAllPostcodes" executed="True" result="Error" success="False" time="0.030" asserts="0">
                                    <failure>
                                      <message><![CDATA[System.NullReferenceException : Object reference not set to an instance of an object.]]></message>
                                      <stack-trace><![CDATA[at System.Web.Mvc.ModelBindingContext.get_ModelType()
at FunnelWeb.Web.Application.Binders.DictionaryBinder.BindModel(ControllerContext controllerContext, ModelBindingContext bindingContext) in C:\_Projects\code.google.com\funnelweb\src\FunnelWeb.Web\Application\Binders\DictionaryBinder.cs:line 19
at FunnelWeb.Tests.Web.Application.Binders.DictionaryBinderTests.Settings_posted_via_form_must_be_turned_into_dictionaries_by_prefix.When() in C:\_Projects\code.google.com\funnelweb\src\FunnelWeb.Tests\Web\Application\Binders\DictionaryBinderTests.cs:line 34
at FunnelWeb.Tests.Helpers.Specification`1.Initialize() in C:\_Projects\code.google.com\funnelweb\src\FunnelWeb.Tests\Helpers\Specification.cs:line 19
]]></stack-trace>
                                    </failure>
                                  </test-case>
                                </results>
                              </test-suite>
                              <test-suite type="TestFixture" name="ImplicitAssignmentBinderTests+Types_supporting_implicit_conversion_should_be_mapped" executed="True" result="Failure" success="False" time="0.010" asserts="0">
                                <results>
                                  <test-case name="FunnelWeb.Tests.Web.Application.Binders.ImplicitAssignmentBinderTests+Types_supporting_implicit_conversion_should_be_mapped.ShouldConvertFromStringToPageName" executed="True" result="Error" success="False" time="0.010" asserts="0">
                                    <failure>
                                      <message><![CDATA[System.InvalidOperationException : This property setter is obsolete, because its value is derived from ModelMetadata.Model now.]]></message>
                                      <stack-trace><![CDATA[at System.Web.Mvc.ModelBindingContext.set_ModelType(Type value)
at FunnelWeb.Tests.Web.Application.Binders.ImplicitAssignmentBinderTests.Types_supporting_implicit_conversion_should_be_mapped.When() in C:\_Projects\code.google.com\funnelweb\src\FunnelWeb.Tests\Web\Application\Binders\ImplicitAssignmentBinderTests.cs:line 32
at FunnelWeb.Tests.Helpers.Specification`1.Initialize() in C:\_Projects\code.google.com\funnelweb\src\FunnelWeb.Tests\Helpers\Specification.cs:line 19
]]></stack-trace>
                                    </failure>
                                  </test-case>
                                </results>
                              </test-suite>
                              <test-suite type="TestFixture" name="UploadBinderTests+Posted_files_should_turn_into_Upload_objects" executed="True" result="Failure" success="False" time="0.030" asserts="0">
                                <results>
                                  <test-case name="FunnelWeb.Tests.Web.Application.Binders.UploadBinderTests+Posted_files_should_turn_into_Upload_objects.ShouldCreateUpload" executed="True" result="Error" success="False" time="0.030" asserts="0">
                                    <failure>
                                      <message><![CDATA[Castle.DynamicProxy.ProxyGenerationException : Due to limitations in CLR, DynamicProxy was unable to successfully replicate non-inheritable attribute System.Security.Permissions.SecurityPermissionAttribute on System.Web.HttpFileCollectionBase.GetObjectData. To avoid this error you can chose not to replicate this attribute type by calling 'Castle.DynamicProxy.Generators.AttributesToAvoidReplicating.Add(typeof(System.Security.Permissions.SecurityPermissionAttribute))'.
  ----> System.ArgumentException : Parameter count does not match passed in argument value count.]]></message>
                                      <stack-trace><![CDATA[at Castle.DynamicProxy.AttributeUtil.<GetNonInheritableAttributes>d__0.MoveNext() in c:\TeamCity\buildAgent\work\f0c43d96621436a8\src\Castle.Core\DynamicProxy\AttributeUtil.cs:line 129
at Castle.DynamicProxy.Contributors.CompositeTypeContributor.ImplementMethod(MetaMethod method, ClassEmitter class, ProxyGenerationOptions options, OverrideMethodDelegate overrideMethod) in c:\TeamCity\buildAgent\work\f0c43d96621436a8\src\Castle.Core\DynamicProxy\Contributors\CompositeTypeContributor.cs:line 143
at Castle.DynamicProxy.Contributors.CompositeTypeContributor.Generate(ClassEmitter class, ProxyGenerationOptions options) in c:\TeamCity\buildAgent\work\f0c43d96621436a8\src\Castle.Core\DynamicProxy\Contributors\CompositeTypeContributor.cs:line 76
at Castle.DynamicProxy.Generators.ClassProxyGenerator.GenerateType(String name, Type[] interfaces, INamingScope namingScope) in c:\TeamCity\buildAgent\work\f0c43d96621436a8\src\Castle.Core\DynamicProxy\Generators\ClassProxyGenerator.cs:line 125
at Castle.DynamicProxy.Generators.ClassProxyGenerator.GenerateCode(Type[] interfaces, ProxyGenerationOptions options) in c:\TeamCity\buildAgent\work\f0c43d96621436a8\src\Castle.Core\DynamicProxy\Generators\ClassProxyGenerator.cs:line 88
at Castle.DynamicProxy.DefaultProxyBuilder.CreateClassProxyType(Type classToProxy, Type[] additionalInterfacesToProxy, ProxyGenerationOptions options) in c:\TeamCity\buildAgent\work\f0c43d96621436a8\src\Castle.Core\DynamicProxy\DefaultProxyBuilder.cs:line 79
at Castle.DynamicProxy.ProxyGenerator.CreateClassProxyType(Type classToProxy, Type[] additionalInterfacesToProxy, ProxyGenerationOptions options) in c:\TeamCity\buildAgent\work\f0c43d96621436a8\src\Castle.Core\DynamicProxy\ProxyGenerator.cs:line 1360
at Castle.DynamicProxy.ProxyGenerator.CreateClassProxy(Type classToProxy, Type[] additionalInterfacesToProxy, ProxyGenerationOptions options, Object[] constructorArguments, IInterceptor[] interceptors) in c:\TeamCity\buildAgent\work\f0c43d96621436a8\src\Castle.Core\DynamicProxy\ProxyGenerator.cs:line 1300
at NSubstitute.Proxies.CastleDynamicProxy.CastleDynamicProxyFactory.GenerateProxy(ICallRouter callRouter, Type typeToProxy, Type[] additionalInterfaces, Object[] constructorArguments) in c:\Development\Git\NSubstitute\Source\NSubstitute\Proxies\CastleDynamicProxy\CastleDynamicProxyFactory.cs:line 32
at NSubstitute.Proxies.ProxyFactory.GenerateProxy(ICallRouter callRouter, Type typeToProxy, Type[] additionalInterfaces, Object[] constructorArguments) in c:\Development\Git\NSubstitute\Source\NSubstitute\Proxies\ProxyFactory.cs:line 20
at NSubstitute.Core.SubstituteFactory.Create(Type[] typesToProxy, Object[] constructorArguments) in c:\Development\Git\NSubstitute\Source\NSubstitute\Core\SubstituteFactory.cs:line 26
at NSubstitute.Substitute.For(Type[] typesToProxy, Object[] constructorArguments) in c:\Development\Git\NSubstitute\Source\NSubstitute\Substitute.cs:line 71
at NSubstitute.Substitute.For[T](Object[] constructorArguments) in c:\Development\Git\NSubstitute\Source\NSubstitute\Substitute.cs:line 22
at FunnelWeb.Tests.Web.Application.Binders.UploadBinderTests.Posted_files_should_turn_into_Upload_objects.Given() in C:\_Projects\code.google.com\funnelweb\src\FunnelWeb.Tests\Web\Application\Binders\UploadBinderTests.cs:line 20
at FunnelWeb.Tests.Helpers.Specification`1.Initialize() in C:\_Projects\code.google.com\funnelweb\src\FunnelWeb.Tests\Helpers\Specification.cs:line 18
--ArgumentException
at System.Reflection.Emit.CustomAttributeBuilder.InitCustomAttributeBuilder(ConstructorInfo con, Object[] constructorArgs, PropertyInfo[] namedProperties, Object[] propertyValues, FieldInfo[] namedFields, Object[] fieldValues)
at Castle.DynamicProxy.AttributeUtil.CreateBuilder(CustomAttributeData attribute) in c:\TeamCity\buildAgent\work\f0c43d96621436a8\src\Castle.Core\DynamicProxy\AttributeUtil.cs:line 63
at Castle.DynamicProxy.AttributeUtil.<GetNonInheritableAttributes>d__0.MoveNext() in c:\TeamCity\buildAgent\work\f0c43d96621436a8\src\Castle.Core\DynamicProxy\AttributeUtil.cs:line 142
]]></stack-trace>
                                    </failure>
                                  </test-case>
                                </results>
                              </test-suite>
                            </results>
                          </test-suite>
                          <test-suite type="Namespace" name="Filters" executed="True" result="Success" success="True" time="0.060" asserts="0">
                            <results>
                              <test-suite type="TestFixture" name="RequireLoginTests+Already_logged_in_users_will_be_allowed_to_continue" executed="True" result="Success" success="True" time="0.050" asserts="0">
                                <results>
                                  <test-case name="FunnelWeb.Tests.Web.Application.Filters.RequireLoginTests+Already_logged_in_users_will_be_allowed_to_continue.Should_allow_request_to_continue" executed="True" result="Success" success="True" time="0.050" asserts="1" />
                                </results>
                              </test-suite>
                              <test-suite type="TestFixture" name="RequireLoginTests+Anonymous_users_will_be_redirected_to_login_page" executed="True" result="Success" success="True" time="0.000" asserts="0">
                                <results>
                                  <test-case name="FunnelWeb.Tests.Web.Application.Filters.RequireLoginTests+Anonymous_users_will_be_redirected_to_login_page.Should_allow_request_to_continue" executed="True" result="Success" success="True" time="0.000" asserts="1" />
                                </results>
                              </test-suite>
                            </results>
                          </test-suite>
                          <test-suite type="Namespace" name="Markup" executed="True" result="Success" success="True" time="0.690" asserts="0">
                            <results>
                              <test-suite type="TestFixture" name="MarkdownTests+WhenRenderingMarkdown" executed="True" result="Success" success="True" time="0.690" asserts="0">
                                <results>
                                  <test-case name="FunnelWeb.Tests.Web.Application.Markup.MarkdownTests+WhenRenderingMarkdown.ShouldFullyQualifyUrls" executed="True" result="Success" success="True" time="0.550" asserts="1" />
                                  <test-case name="FunnelWeb.Tests.Web.Application.Markup.MarkdownTests+WhenRenderingMarkdown.ShouldProtectAgainstCrossSiteScripting" executed="True" result="Success" success="True" time="0.090" asserts="1" />
                                  <test-case name="FunnelWeb.Tests.Web.Application.Markup.MarkdownTests+WhenRenderingMarkdown.ShouldSupportFormatting" executed="True" result="Success" success="True" time="0.000" asserts="3" />
                                  <test-case name="FunnelWeb.Tests.Web.Application.Markup.MarkdownTests+WhenRenderingMarkdown.ShouldSupportHeaders" executed="True" result="Success" success="True" time="0.020" asserts="10" />
                                  <test-case name="FunnelWeb.Tests.Web.Application.Markup.MarkdownTests+WhenRenderingMarkdown.ShouldSupportInlineHtml" executed="True" result="Success" success="True" time="0.000" asserts="1" />
                                  <test-case name="FunnelWeb.Tests.Web.Application.Markup.MarkdownTests+WhenRenderingMarkdown.ShouldSupportLists" executed="True" result="Success" success="True" time="0.010" asserts="1" />
                                  <test-case name="FunnelWeb.Tests.Web.Application.Markup.MarkdownTests+WhenRenderingMarkdown.ShouldSupportParagraphs" executed="True" result="Success" success="True" time="0.000" asserts="3" />
                                  <test-case name="FunnelWeb.Tests.Web.Application.Markup.MarkdownTests+WhenRenderingMarkdown.ShouldSupportQuotes" executed="True" result="Success" success="True" time="0.010" asserts="2" />
                                </results>
                              </test-suite>
                            </results>
                          </test-suite>
                          <test-suite type="Namespace" name="Mime" executed="True" result="Success" success="True" time="0.030" asserts="0">
                            <results>
                              <test-suite type="TestFixture" name="RegistryMimeTypeLookupTests+WhenMimeTypeRequested" executed="True" result="Success" success="True" time="0.030" asserts="0">
                                <results>
                                  <test-case name="FunnelWeb.Tests.Web.Application.Mime.RegistryMimeTypeLookupTests+WhenMimeTypeRequested.ShouldReturnMimeTypeFromRegistry" executed="True" result="Success" success="True" time="0.030" asserts="4" />
                                </results>
                              </test-suite>
                            </results>
                          </test-suite>
                        </results>
                      </test-suite>
                      <test-suite type="Namespace" name="Controllers" executed="True" result="Success" success="True" time="0.780" asserts="0">
                        <results>
                          <test-suite type="TestFixture" name="AdminControllerTests+ActionResultTests" executed="True" result="Success" success="True" time="0.520" asserts="0">
                            <results>
                              <test-case name="FunnelWeb.Tests.Web.Controllers.AdminControllerTests+ActionResultTests.AdminControllerTests_CreateFeed_Action_Returns_Index_View" executed="True" result="Success" success="True" time="0.160" asserts="1" />
                              <test-case name="FunnelWeb.Tests.Web.Controllers.AdminControllerTests+ActionResultTests.AdminControllerTests_CreateRedirect_Action_Returns_Index_View" executed="True" result="Success" success="True" time="0.000" asserts="1" />
                              <test-case name="FunnelWeb.Tests.Web.Controllers.AdminControllerTests+ActionResultTests.AdminControllerTests_DeleteAllSpam_Returns_Index_View" executed="True" result="Success" success="True" time="0.010" asserts="1" />
                              <test-case name="FunnelWeb.Tests.Web.Controllers.AdminControllerTests+ActionResultTests.AdminControllerTests_DeleteComment_Action_Returns_Index_View" executed="True" result="Success" success="True" time="0.000" asserts="1" />
                              <test-case name="FunnelWeb.Tests.Web.Controllers.AdminControllerTests+ActionResultTests.AdminControllerTests_DeleteFeed_Action_Returns_Index_View" executed="True" result="Success" success="True" time="0.240" asserts="1" />
                              <test-case name="FunnelWeb.Tests.Web.Controllers.AdminControllerTests+ActionResultTests.AdminControllerTests_DeletePingback_Returns_Index_View" executed="True" result="Success" success="True" time="0.000" asserts="1" />
                              <test-case name="FunnelWeb.Tests.Web.Controllers.AdminControllerTests+ActionResultTests.AdminControllerTests_DeleteRedirect_Action_Returns_Index_View" executed="True" result="Success" success="True" time="0.010" asserts="1" />
                              <test-case name="FunnelWeb.Tests.Web.Controllers.AdminControllerTests+ActionResultTests.AdminControllerTests_Index_Action_Returns_Index_View" executed="True" result="Success" success="True" time="0.030" asserts="1" />
                              <test-case name="FunnelWeb.Tests.Web.Controllers.AdminControllerTests+ActionResultTests.AdminControllerTests_ToggePingbackSpam_Returns_Index_View" executed="True" result="Success" success="True" time="0.000" asserts="1" />
                              <test-case name="FunnelWeb.Tests.Web.Controllers.AdminControllerTests+ActionResultTests.AdminControllerTests_ToggleSpam_Returns_Index_View" executed="True" result="Success" success="True" time="0.000" asserts="1" />
                              <test-case name="FunnelWeb.Tests.Web.Controllers.AdminControllerTests+ActionResultTests.AdminControllerTests_UpdateSettings_Action_Returns_Index_View" executed="True" result="Success" success="True" time="0.020" asserts="1" />
                            </results>
                          </test-suite>
                          <test-suite type="TestFixture" name="AdminControllerTests+FeedsRepositoryTests" executed="True" result="Success" success="True" time="0.030" asserts="0">
                            <results>
                              <test-case name="FunnelWeb.Tests.Web.Controllers.AdminControllerTests+FeedsRepositoryTests.FeedsRepositoryTests_CreateFeed_Saved_To_Repo" executed="True" result="Success" success="True" time="0.030" asserts="0" />
                            </results>
                          </test-suite>
                          <test-suite type="TestFixture" name="UploadControllerTests+ActionResultTests" executed="True" result="Success" success="True" time="0.050" asserts="0">
                            <results>
                              <test-case name="FunnelWeb.Tests.Web.Controllers.UploadControllerTests+ActionResultTests.UploadControllerTests_CreateDirectory_Via_Repo_And_Return_Index" executed="True" result="Success" success="True" time="0.010" asserts="2" />
                              <test-case name="FunnelWeb.Tests.Web.Controllers.UploadControllerTests+ActionResultTests.UploadControllerTests_Delete_Via_Repo_And_Return_Index" executed="True" result="Success" success="True" time="0.000" asserts="2" />
                              <test-case name="FunnelWeb.Tests.Web.Controllers.UploadControllerTests+ActionResultTests.UploadControllerTests_Index_With_File_Returns_Index" executed="True" result="Success" success="True" time="0.000" asserts="1" />
                              <test-case name="FunnelWeb.Tests.Web.Controllers.UploadControllerTests+ActionResultTests.UploadControllerTests_Index_With_No_File_Returns_Index" executed="True" result="Success" success="True" time="0.010" asserts="1" />
                              <test-case name="FunnelWeb.Tests.Web.Controllers.UploadControllerTests+ActionResultTests.UploadControllerTests_Render_With_Invalid_File_Returns_File" executed="True" result="Success" success="True" time="0.010" asserts="1" />
                              <test-case name="FunnelWeb.Tests.Web.Controllers.UploadControllerTests+ActionResultTests.UploadControllerTests_Render_With_Valid_File_Returns_File" executed="True" result="Success" success="True" time="0.000" asserts="2" />
                              <test-case name="FunnelWeb.Tests.Web.Controllers.UploadControllerTests+ActionResultTests.UploadControllerTests_Upload_Saves_And_Returns_Index" executed="True" result="Success" success="True" time="0.010" asserts="1" />
                            </results>
                          </test-suite>
                          <test-suite type="TestFixture" name="WikiControllerTests" executed="True" result="Success" success="True" time="0.170" asserts="0">
                            <results>
                              <test-case name="FunnelWeb.Tests.Web.Controllers.WikiControllerTests.WikiControllerTests_New_Returns_Edit_View_And_Default_Model" executed="True" result="Success" success="True" time="0.020" asserts="2" />
                              <test-case name="FunnelWeb.Tests.Web.Controllers.WikiControllerTests.WikiControllerTests_NotFound_Returns_Matched_Page_If_Found" executed="True" result="Success" success="True" time="0.030" asserts="1" />
                              <test-case name="FunnelWeb.Tests.Web.Controllers.WikiControllerTests.WikiControllerTests_NotFound_Returns_Matched_Website_If_Found" executed="True" result="Success" success="True" time="0.000" asserts="1" />
                              <test-case name="FunnelWeb.Tests.Web.Controllers.WikiControllerTests.WikiControllerTests_NotFound_Returns_NotFoundView_If_No_Site" executed="True" result="Success" success="True" time="0.070" asserts="4" />
                              <test-case name="FunnelWeb.Tests.Web.Controllers.WikiControllerTests.WikiControllerTests_Page_Returns_Edit_For_New_Page_And_Logged_In" executed="True" result="Success" success="True" time="0.000" asserts="1" />
                              <test-case name="FunnelWeb.Tests.Web.Controllers.WikiControllerTests.WikiControllerTests_Page_Returns_Found_Page" executed="True" result="Success" success="True" time="0.000" asserts="3" />
                              <test-case name="FunnelWeb.Tests.Web.Controllers.WikiControllerTests.WikiControllerTests_Page_Returns_NotFound_For_New_Page_And_Not_Logged_In" executed="True" result="Success" success="True" time="0.000" asserts="4" />
                              <test-case name="FunnelWeb.Tests.Web.Controllers.WikiControllerTests.WikiControllerTests_Search_Returns_NotFound_View" executed="True" result="Success" success="True" time="0.010" asserts="3" />
                            </results>
                          </test-suite>
                        </results>
                      </test-suite>
                      <test-suite type="Namespace" name="Model" executed="True" result="Success" success="True" time="0.020" asserts="0">
                        <results>
                          <test-suite type="Namespace" name="Repositories" executed="True" result="Success" success="True" time="0.010" asserts="0">
                            <results>
                              <test-suite type="TestFixture" name="FileRepositoryTests" executed="True" result="Success" success="True" time="0.010" asserts="0">
                                <results>
                                  <test-case name="FunnelWeb.Tests.Web.Model.Repositories.FileRepositoryTests.FileRepositoryTests_File_System_Paths_Ignore_Server" executed="True" result="Success" success="True" time="0.010" asserts="0" />
                                  <test-case name="FunnelWeb.Tests.Web.Model.Repositories.FileRepositoryTests.FileRepositoryTests_Relative_Paths_Resolved_From_Server" executed="True" result="Success" success="True" time="0.000" asserts="0" />
                                </results>
                              </test-suite>
                            </results>
                          </test-suite>
                          <test-suite type="Namespace" name="Strings" executed="True" result="Success" success="True" time="0.010" asserts="0">
                            <results>
                              <test-suite type="TestFixture" name="PageNameTests+WhenNamingPages" executed="True" result="Success" success="True" time="0.010" asserts="0">
                                <results>
                                  <test-case name="FunnelWeb.Tests.Web.Model.Strings.PageNameTests+WhenNamingPages.NullsShouldBeConvertedToEmptyWherePossible" executed="True" result="Success" success="True" time="0.000" asserts="2" />
                                  <test-case name="FunnelWeb.Tests.Web.Model.Strings.PageNameTests+WhenNamingPages.PageNamesShouldBeCorrected" executed="True" result="Success" success="True" time="0.000" asserts="116" />
                                </results>
                              </test-suite>
                            </results>
                          </test-suite>
                        </results>
                      </test-suite>
                      <test-suite type="TestFixture" name="RoutingTests+RoutingRules" executed="True" result="Success" success="True" time="0.260" asserts="0">
                        <results>
                          <test-case name="FunnelWeb.Tests.Web.RoutingTests+RoutingRules.ShouldMapRoutesAsSpecifiedInDocumentation" executed="True" result="Success" success="True" time="0.090" asserts="32" />
                        </results>
                      </test-suite>
                    </results>
                  </test-suite>
                </results>
              </test-suite>
            </results>
          </test-suite>
        </results>
      </test-suite>
    </results>
  </test-suite>
</test-results>